<?xml version="1.0" encoding="UTF-8"?>
<!-- Generated by org.testng.reporters.JUnitReportReporter -->
<testsuite skipped="0" hostname="CDC2-D-CJ6SXJ2" name="org.test.NewTest" tests="1" failures="0" timestamp="23 Feb 2020 09:12:36 GMT" time="12.190" errors="0">
  <testcase name="user_click_on_register_or_signup_button_on_register_app" time="12.190" classname="org.test.NewTest"/>
</testsuite> <!-- org.test.NewTest -->
