<?xml version="1.0" encoding="UTF-8"?>
<!-- Generated by org.testng.reporters.JUnitReportReporter -->
<testsuite skipped="0" hostname="CDC2-D-CJ6SXJ2" name="org.test.Keyboardactions" tests="1" failures="0" timestamp="23 Feb 2020 11:09:46 GMT" time="7.934" errors="0">
  <testcase name="f" time="7.934" classname="org.test.Keyboardactions"/>
</testsuite> <!-- org.test.Keyboardactions -->
