<?xml version="1.0" encoding="UTF-8"?>
<!-- Generated by org.testng.reporters.JUnitReportReporter -->
<testsuite skipped="0" hostname="CDC2-D-CJ6SXJ2" name="Casestudy.org.NewTest" tests="1" failures="0" timestamp="23 Feb 2020 06:14:17 GMT" time="6.319" errors="0">
  <testcase name="f" time="6.319" classname="Casestudy.org.NewTest"/>
</testsuite> <!-- Casestudy.org.NewTest -->
